bulk-ori: 10 gemeenten, parallel=5, log=/Users/anneschuth/polder/_logs/bulk-ori-20260509-140900.log
start: 2026-05-09T14:09:00+02:00
===== aa-en-hunze (rc=0, 1s) =====
===== alblasserdam (rc=0, 1s) =====
===== aalburg (rc=0, 1s) =====
2026-05-09 14:09:00,680 polder.fetchers.open_raadsinformatie INFO ORI-fetch voor gemeente aa-en-hunze
2026-05-09 14:09:00,764 httpx INFO HTTP Request: POST https://api.openraadsinformatie.nl/v1/elastic/ori_aa-en-hunze*,ori_aa_en_hunze*/_search "HTTP/1.1 200 OK"
2026-05-09 14:09:00,790 httpx INFO HTTP Request: POST https://api.openraadsinformatie.nl/v1/elastic/ori_aa-en-hunze*,ori_aa_en_hunze*/_search "HTTP/1.1 200 OK"
Wrote 0 current + 0 historisch persoon-records to data/personen
2026-05-09 14:09:00,680 polder.fetchers.open_raadsinformatie INFO ORI-fetch voor gemeente alblasserdam
2026-05-09 14:09:00,680 polder.fetchers.open_raadsinformatie INFO ORI-fetch voor gemeente aalburg
2026-05-09 14:09:00,764 httpx INFO HTTP Request: POST https://api.openraadsinformatie.nl/v1/elastic/ori_alblasserdam*/_search "HTTP/1.1 200 OK"
2026-05-09 14:09:00,764 httpx INFO HTTP Request: POST https://api.openraadsinformatie.nl/v1/elastic/ori_aalburg*/_search "HTTP/1.1 200 OK"
2026-05-09 14:09:00,790 httpx INFO HTTP Request: POST https://api.openraadsinformatie.nl/v1/elastic/ori_alblasserdam*/_search "HTTP/1.1 200 OK"
2026-05-09 14:09:00,790 httpx INFO HTTP Request: POST https://api.openraadsinformatie.nl/v1/elastic/ori_aalburg*/_search "HTTP/1.1 200 OK"
Wrote 0 current + 0 historisch persoon-records to data/personen
Wrote 0 current + 0 historisch persoon-records to data/personen
===== aalsmeer (rc=0, 1s) =====
2026-05-09 14:09:00,680 polder.fetchers.open_raadsinformatie INFO ORI-fetch voor gemeente aalsmeer
2026-05-09 14:09:00,780 httpx INFO HTTP Request: POST https://api.openraadsinformatie.nl/v1/elastic/ori_aalsmeer*/_search "HTTP/1.1 200 OK"
2026-05-09 14:09:00,832 httpx INFO HTTP Request: POST https://api.openraadsinformatie.nl/v1/elastic/ori_aalsmeer*/_search "HTTP/1.1 200 OK"
Wrote 1 current + 0 historisch persoon-records to data/personen
===== aalten (rc=0, 1s) =====
2026-05-09 14:09:00,680 polder.fetchers.open_raadsinformatie INFO ORI-fetch voor gemeente aalten
2026-05-09 14:09:00,789 httpx INFO HTTP Request: POST https://api.openraadsinformatie.nl/v1/elastic/ori_aalten*/_search "HTTP/1.1 200 OK"
2026-05-09 14:09:00,845 httpx INFO HTTP Request: POST https://api.openraadsinformatie.nl/v1/elastic/ori_aalten*/_search "HTTP/1.1 200 OK"
Wrote 27 current + 0 historisch persoon-records to data/personen
===== almere (rc=0, 1s) =====
2026-05-09 14:09:01,501 polder.fetchers.open_raadsinformatie INFO ORI-fetch voor gemeente almere
2026-05-09 14:09:01,502 polder.fetchers.open_raadsinformatie INFO Cache hit voor almere (_cache/ori/almere-2026-05-09.json)
Wrote 0 current + 0 historisch persoon-records to data/personen
===== alkmaar (rc=0, 1s) =====
2026-05-09 14:09:01,506 polder.fetchers.open_raadsinformatie INFO ORI-fetch voor gemeente alkmaar
2026-05-09 14:09:01,572 httpx INFO HTTP Request: POST https://api.openraadsinformatie.nl/v1/elastic/ori_alkmaar*/_search "HTTP/1.1 200 OK"
2026-05-09 14:09:01,600 httpx INFO HTTP Request: POST https://api.openraadsinformatie.nl/v1/elastic/ori_alkmaar*/_search "HTTP/1.1 200 OK"
Wrote 0 current + 0 historisch persoon-records to data/personen
===== alphen-chaam (rc=0, 1s) =====
2026-05-09 14:09:01,526 polder.fetchers.open_raadsinformatie INFO ORI-fetch voor gemeente alphen-chaam
2026-05-09 14:09:01,601 httpx INFO HTTP Request: POST https://api.openraadsinformatie.nl/v1/elastic/ori_alphen-chaam*,ori_alphen_chaam*/_search "HTTP/1.1 200 OK"
2026-05-09 14:09:01,621 httpx INFO HTTP Request: POST https://api.openraadsinformatie.nl/v1/elastic/ori_alphen-chaam*,ori_alphen_chaam*/_search "HTTP/1.1 200 OK"
Wrote 0 current + 0 historisch persoon-records to data/personen
===== altena (rc=0, 1s) =====
2026-05-09 14:09:01,543 polder.fetchers.open_raadsinformatie INFO ORI-fetch voor gemeente altena
2026-05-09 14:09:01,610 httpx INFO HTTP Request: POST https://api.openraadsinformatie.nl/v1/elastic/ori_altena*/_search "HTTP/1.1 200 OK"
2026-05-09 14:09:01,630 httpx INFO HTTP Request: POST https://api.openraadsinformatie.nl/v1/elastic/ori_altena*/_search "HTTP/1.1 200 OK"
Wrote 0 current + 0 historisch persoon-records to data/personen
===== almelo (rc=0, 1s) =====
2026-05-09 14:09:01,502 polder.fetchers.open_raadsinformatie INFO ORI-fetch voor gemeente almelo
2026-05-09 14:09:01,595 httpx INFO HTTP Request: POST https://api.openraadsinformatie.nl/v1/elastic/ori_almelo*/_search "HTTP/1.1 200 OK"
2026-05-09 14:09:01,656 httpx INFO HTTP Request: POST https://api.openraadsinformatie.nl/v1/elastic/ori_almelo*/_search "HTTP/1.1 200 OK"
Wrote 38 current + 0 historisch persoon-records to data/personen

===== eindrapport =====
totaal gemeenten verwerkt : 10
  met records             : 3
  zonder records (0/0)    : 7
  errors (rc != 0)        : 0
som records (per-run)     : current=66 historisch=0
totale bestanden op disk  : current=485 historisch=1012
log                       : /Users/anneschuth/polder/_logs/bulk-ori-20260509-140900.log
progress                  : /Users/anneschuth/polder/_logs/bulk-ori-20260509-140900.progress
klaar: 2026-05-09T14:09:02+02:00
